<?xml version="1.0" encoding="UTF-8"?>
<!-- Generated by org.testng.reporters.JUnitReportReporter -->
<testsuite hostname="LAPTOP-06GFGGBP" failures="0" tests="2" name="RailCTC.TrainSearch" time="18.090" errors="0" timestamp="2025-03-21T16:05:52 IST" skipped="0">
  <testcase classname="RailCTC.TrainSearch" name="TrainSearch" time="9.130"/>
  <testcase classname="RailCTC.TrainSearch" name="TrainSearch" time="8.960"/>
</testsuite> <!-- RailCTC.TrainSearch -->
