<?xml version="1.0" encoding="UTF-8"?>
<!-- Generated by org.testng.reporters.JUnitReportReporter -->
<testsuite hostname="LAPTOP-06GFGGBP" failures="0" tests="1" name="RailCTC.SearchAvaialableTrainsTest" time="17.717" errors="0" timestamp="2025-03-26T06:41:09 IST" skipped="0">
  <testcase classname="RailCTC.SearchAvaialableTrainsTest" name="TrainSearch" time="17.717"/>
</testsuite> <!-- RailCTC.SearchAvaialableTrainsTest -->
