<?xml version="1.0" encoding="UTF-8"?>
<!-- Generated by org.testng.reporters.JUnitReportReporter -->
<testsuite hostname="LAPTOP-06GFGGBP" failures="0" tests="1" name="RailCTC.PNRStatusCheckTest" time="22.123" errors="0" timestamp="2025-03-26T06:41:09 IST" skipped="0">
  <testcase classname="RailCTC.PNRStatusCheckTest" name="PNRStatusCheck" time="22.123"/>
</testsuite> <!-- RailCTC.PNRStatusCheckTest -->
