<?xml version="1.0" encoding="UTF-8"?>
<!-- Generated by org.testng.reporters.JUnitReportReporter -->
<testsuite hostname="LAPTOP-06GFGGBP" failures="0" tests="1" name="RailCTC.SearchAvaialableTrainsTest" time="11.534" errors="0" timestamp="2025-03-21T18:26:03 IST" skipped="0">
  <testcase classname="RailCTC.SearchAvaialableTrainsTest" name="TrainSearch" time="11.534"/>
</testsuite> <!-- RailCTC.SearchAvaialableTrainsTest -->
